# JRE version: Java(TM) SE Runtime Environment (8.0_05-b13) (build 1.8.0_05-b13)
# Java VM: Java HotSpot(TM) 64-Bit Server VM (25.5-b02 mixed mode windows-amd64 compressed oops)
Heap:
 PSYoungGen      total 14336K, used 1440K [0x00000000d5800000, 0x00000000d6800000, 0x0000000100000000)
  eden space 12288K, 4% used [0x00000000d5800000,0x00000000d5888210,0x00000000d6400000)
  from space 2048K, 43% used [0x00000000d6600000,0x00000000d66e0000,0x00000000d6800000)
  to   space 2048K, 0% used [0x00000000d6400000,0x00000000d6400000,0x00000000d6600000)
 ParOldGen       total 129536K, used 22629K [0x0000000080800000, 0x0000000088680000, 0x00000000d5800000)
  object space 129536K, 17% used [0x0000000080800000,0x0000000081e19780,0x0000000088680000)
 Metaspace       used 11369K, capacity 11551K, committed 11776K, reserved 1060864K
  class space    used 944K, capacity 998K, committed 1024K, reserved 1048576K
GC Heap History (10 events):
Event: 0.307 GC heap before
{Heap before GC invocations=6 (full 0):
 PSYoungGen      total 2560K, used 2560K [0x00000000d5800000, 0x00000000d5e00000, 0x0000000100000000)
  eden space 2048K, 100% used [0x00000000d5800000,0x00000000d5a00000,0x00000000d5a00000)
  from space 512K, 100% used [0x00000000d5a00000,0x00000000d5a80000,0x00000000d5a80000)
  to   space 1024K, 0% used [0x00000000d5d00000,0x00000000d5d00000,0x00000000d5e00000)
 ParOldGen       total 129536K, used 677K [0x0000000080800000, 0x0000000088680000, 0x00000000d5800000)
  object space 129536K, 0% used [0x0000000080800000,0x00000000808a97a0,0x0000000088680000)
 Metaspace       used 5074K, capacity 5262K, committed 5504K, reserved 1056768K
  class space    used 572K, capacity 627K, committed 640K, reserved 1048576K
Event: 0.309 GC heap after
Heap after GC invocations=6 (full 0):
 PSYoungGen      total 5120K, used 962K [0x00000000d5800000, 0x00000000d5e00000, 0x0000000100000000)
  eden space 4096K, 0% used [0x00000000d5800000,0x00000000d5800000,0x00000000d5c00000)
  from space 1024K, 94% used [0x00000000d5d00000,0x00000000d5df0ba8,0x00000000d5e00000)
  to   space 1024K, 0% used [0x00000000d5c00000,0x00000000d5c00000,0x00000000d5d00000)
 ParOldGen       total 129536K, used 685K [0x0000000080800000, 0x0000000088680000, 0x00000000d5800000)
  object space 129536K, 0% used [0x0000000080800000,0x00000000808ab7a0,0x0000000088680000)
 Metaspace       used 5074K, capacity 5262K, committed 5504K, reserved 1056768K
  class space    used 572K, capacity 627K, committed 640K, reserved 1048576K
}
Event: 2.112 GC heap before
{Heap before GC invocations=7 (full 0):
 PSYoungGen      total 5120K, used 5032K [0x00000000d5800000, 0x00000000d5e00000, 0x0000000100000000)
  eden space 4096K, 99% used [0x00000000d5800000,0x00000000d5bf97a0,0x00000000d5c00000)
  from space 1024K, 94% used [0x00000000d5d00000,0x00000000d5df0ba8,0x00000000d5e00000)
  to   space 1024K, 0% used [0x00000000d5c00000,0x00000000d5c00000,0x00000000d5d00000)
 ParOldGen       total 129536K, used 685K [0x0000000080800000, 0x0000000088680000, 0x00000000d5800000)
  object space 129536K, 0% used [0x0000000080800000,0x00000000808ab7a0,0x0000000088680000)
 Metaspace       used 6673K, capacity 6835K, committed 7168K, reserved 1056768K
  class space    used 609K, capacity 668K, committed 768K, reserved 1048576K
Event: 2.116 GC heap after
Heap after GC invocations=7 (full 0):
 PSYoungGen      total 5120K, used 1010K [0x00000000d5800000, 0x00000000d6300000, 0x0000000100000000)
  eden space 4096K, 0% used [0x00000000d5800000,0x00000000d5800000,0x00000000d5c00000)
  from space 1024K, 98% used [0x00000000d5c00000,0x00000000d5cfc990,0x00000000d5d00000)
  to   space 1536K, 0% used [0x00000000d6180000,0x00000000d6180000,0x00000000d6300000)
 ParOldGen       total 129536K, used 1310K [0x0000000080800000, 0x0000000088680000, 0x00000000d5800000)
  object space 129536K, 1% used [0x0000000080800000,0x0000000080947968,0x0000000088680000)
 Metaspace       used 6673K, capacity 6835K, committed 7168K, reserved 1056768K
  class space    used 609K, capacity 668K, committed 768K, reserved 1048576K
}
Event: 2.213 GC heap before
{Heap before GC invocations=8 (full 0):
 PSYoungGen      total 5120K, used 5106K [0x00000000d5800000, 0x00000000d6300000, 0x0000000100000000)
  eden space 4096K, 100% used [0x00000000d5800000,0x00000000d5c00000,0x00000000d5c00000)
  from space 1024K, 98% used [0x00000000d5c00000,0x00000000d5cfc990,0x00000000d5d00000)
  to   space 1536K, 0% used [0x00000000d6180000,0x00000000d6180000,0x00000000d6300000)
 ParOldGen       total 129536K, used 1310K [0x0000000080800000, 0x0000000088680000, 0x00000000d5800000)
  object space 129536K, 1% used [0x0000000080800000,0x0000000080947968,0x0000000088680000)
 Metaspace       used 8016K, capacity 8179K, committed 8448K, reserved 1056768K
  class space    used 669K, capacity 732K, committed 768K, reserved 1048576K
Event: 2.217 GC heap after
Heap after GC invocations=8 (full 0):
 PSYoungGen      total 9216K, used 1441K [0x00000000d5800000, 0x00000000d6400000, 0x0000000100000000)
  eden space 7680K, 0% used [0x00000000d5800000,0x00000000d5800000,0x00000000d5f80000)
  from space 1536K, 93% used [0x00000000d6180000,0x00000000d62e87e0,0x00000000d6300000)
  to   space 2048K, 0% used [0x00000000d5f80000,0x00000000d5f80000,0x00000000d6180000)
 ParOldGen       total 129536K, used 1514K [0x0000000080800000, 0x0000000088680000, 0x00000000d5800000)
  object space 129536K, 1% used [0x0000000080800000,0x000000008097a978,0x0000000088680000)
 Metaspace       used 8016K, capacity 8179K, committed 8448K, reserved 1056768K
  class space    used 669K, capacity 732K, committed 768K, reserved 1048576K
}
Event: 2.442 GC heap before
{Heap before GC invocations=9 (full 0):
 PSYoungGen      total 9216K, used 6471K [0x00000000d5800000, 0x00000000d6400000, 0x0000000100000000)
  eden space 7680K, 65% used [0x00000000d5800000,0x00000000d5ce9810,0x00000000d5f80000)
  from space 1536K, 93% used [0x00000000d6180000,0x00000000d62e87e0,0x00000000d6300000)
  to   space 2048K, 0% used [0x00000000d5f80000,0x00000000d5f80000,0x00000000d6180000)
 ParOldGen       total 129536K, used 1514K [0x0000000080800000, 0x0000000088680000, 0x00000000d5800000)
  object space 129536K, 1% used [0x0000000080800000,0x000000008097a978,0x0000000088680000)
 Metaspace       used 11265K, capacity 11421K, committed 11520K, reserved 1060864K
  class space    used 940K, capacity 997K, committed 1024K, reserved 1048576K
Event: 2.445 GC heap after
Heap after GC invocations=9 (full 0):
 PSYoungGen      total 9728K, used 1695K [0x00000000d5800000, 0x00000000d6800000, 0x0000000100000000)
  eden space 7680K, 0% used [0x00000000d5800000,0x00000000d5800000,0x00000000d5f80000)
  from space 2048K, 82% used [0x00000000d5f80000,0x00000000d6127c90,0x00000000d6180000)
  to   space 2048K, 0% used [0x00000000d6600000,0x00000000d6600000,0x00000000d6800000)
 ParOldGen       total 129536K, used 1762K [0x0000000080800000, 0x0000000088680000, 0x00000000d5800000)
  object space 129536K, 1% used [0x0000000080800000,0x00000000809b8978,0x0000000088680000)
 Metaspace       used 11265K, capacity 11421K, committed 11520K, reserved 1060864K
  class space    used 940K, capacity 997K, committed 1024K, reserved 1048576K
}
Event: 2.788 GC heap before
{Heap before GC invocations=10 (full 0):
 PSYoungGen      total 9728K, used 9375K [0x00000000d5800000, 0x00000000d6800000, 0x0000000100000000)
  eden space 7680K, 100% used [0x00000000d5800000,0x00000000d5f80000,0x00000000d5f80000)
  from space 2048K, 82% used [0x00000000d5f80000,0x00000000d6127c90,0x00000000d6180000)
  to   space 2048K, 0% used [0x00000000d6600000,0x00000000d6600000,0x00000000d6800000)
 ParOldGen       total 129536K, used 22242K [0x0000000080800000, 0x0000000088680000, 0x00000000d5800000)
  object space 129536K, 17% used [0x0000000080800000,0x0000000081db8998,0x0000000088680000)
 Metaspace       used 11366K, capacity 11551K, committed 11776K, reserved 1060864K
  class space    used 944K, capacity 998K, committed 1024K, reserved 1048576K
Event: 2.790 GC heap after
Heap after GC invocations=10 (full 0):
 PSYoungGen      total 14336K, used 896K [0x00000000d5800000, 0x00000000d6800000, 0x0000000100000000)
  eden space 12288K, 0% used [0x00000000d5800000,0x00000000d5800000,0x00000000d6400000)
  from space 2048K, 43% used [0x00000000d6600000,0x00000000d66e0000,0x00000000d6800000)
  to   space 2048K, 0% used [0x00000000d6400000,0x00000000d6400000,0x00000000d6600000)
 ParOldGen       total 129536K, used 22629K [0x0000000080800000, 0x0000000088680000, 0x00000000d5800000)
  object space 129536K, 17% used [0x0000000080800000,0x0000000081e19780,0x0000000088680000)
 Metaspace       used 11366K, capacity 11551K, committed 11776K, reserved 1060864K
  class space    used 944K, capacity 998K, committed 1024K, reserved 1048576K
}

