# JRE version: Java(TM) SE Runtime Environment (8.0_05-b13) (build 1.8.0_05-b13)
# Java VM: Java HotSpot(TM) 64-Bit Server VM (25.5-b02 mixed mode windows-amd64 compressed oops)
Heap:
 PSYoungGen      total 14336K, used 2488K [0x00000000d5800000, 0x00000000d7180000, 0x0000000100000000)
  eden space 12288K, 3% used [0x00000000d5800000,0x00000000d586e3f8,0x00000000d6400000)
  from space 2048K, 100% used [0x00000000d6400000,0x00000000d6600000,0x00000000d6600000)
  to   space 3072K, 0% used [0x00000000d6e80000,0x00000000d6e80000,0x00000000d7180000)
 ParOldGen       total 129536K, used 29192K [0x0000000080800000, 0x0000000088680000, 0x00000000d5800000)
  object space 129536K, 22% used [0x0000000080800000,0x00000000824823c8,0x0000000088680000)
 Metaspace       used 11380K, capacity 11551K, committed 11776K, reserved 1060864K
  class space    used 947K, capacity 998K, committed 1024K, reserved 1048576K
GC Heap History (10 events):
Event: 2.085 GC heap before
{Heap before GC invocations=7 (full 0):
 PSYoungGen      total 5120K, used 4949K [0x00000000d5800000, 0x00000000d5e00000, 0x0000000100000000)
  eden space 4096K, 98% used [0x00000000d5800000,0x00000000d5bf4ba8,0x00000000d5c00000)
  from space 1024K, 87% used [0x00000000d5d00000,0x00000000d5de0ba8,0x00000000d5e00000)
  to   space 1024K, 0% used [0x00000000d5c00000,0x00000000d5c00000,0x00000000d5d00000)
 ParOldGen       total 129536K, used 685K [0x0000000080800000, 0x0000000088680000, 0x00000000d5800000)
  object space 129536K, 0% used [0x0000000080800000,0x00000000808ab7b0,0x0000000088680000)
 Metaspace       used 6737K, capacity 6839K, committed 7168K, reserved 1056768K
  class space    used 614K, capacity 668K, committed 768K, reserved 1048576K
Event: 2.089 GC heap after
Heap after GC invocations=7 (full 0):
 PSYoungGen      total 5120K, used 1012K [0x00000000d5800000, 0x00000000d6300000, 0x0000000100000000)
  eden space 4096K, 0% used [0x00000000d5800000,0x00000000d5800000,0x00000000d5c00000)
  from space 1024K, 98% used [0x00000000d5c00000,0x00000000d5cfd270,0x00000000d5d00000)
  to   space 1536K, 0% used [0x00000000d6180000,0x00000000d6180000,0x00000000d6300000)
 ParOldGen       total 129536K, used 1289K [0x0000000080800000, 0x0000000088680000, 0x00000000d5800000)
  object space 129536K, 0% used [0x0000000080800000,0x0000000080942520,0x0000000088680000)
 Metaspace       used 6737K, capacity 6839K, committed 7168K, reserved 1056768K
  class space    used 614K, capacity 668K, committed 768K, reserved 1048576K
}
Event: 2.192 GC heap before
{Heap before GC invocations=8 (full 0):
 PSYoungGen      total 5120K, used 5108K [0x00000000d5800000, 0x00000000d6300000, 0x0000000100000000)
  eden space 4096K, 100% used [0x00000000d5800000,0x00000000d5c00000,0x00000000d5c00000)
  from space 1024K, 98% used [0x00000000d5c00000,0x00000000d5cfd270,0x00000000d5d00000)
  to   space 1536K, 0% used [0x00000000d6180000,0x00000000d6180000,0x00000000d6300000)
 ParOldGen       total 129536K, used 1289K [0x0000000080800000, 0x0000000088680000, 0x00000000d5800000)
  object space 129536K, 0% used [0x0000000080800000,0x0000000080942520,0x0000000088680000)
 Metaspace       used 8066K, capacity 8259K, committed 8448K, reserved 1056768K
  class space    used 672K, capacity 732K, committed 768K, reserved 1048576K
Event: 2.196 GC heap after
Heap after GC invocations=8 (full 0):
 PSYoungGen      total 9216K, used 1456K [0x00000000d5800000, 0x00000000d6400000, 0x0000000100000000)
  eden space 7680K, 0% used [0x00000000d5800000,0x00000000d5800000,0x00000000d5f80000)
  from space 1536K, 94% used [0x00000000d6180000,0x00000000d62ec240,0x00000000d6300000)
  to   space 2048K, 0% used [0x00000000d5f80000,0x00000000d5f80000,0x00000000d6180000)
 ParOldGen       total 129536K, used 1481K [0x0000000080800000, 0x0000000088680000, 0x00000000d5800000)
  object space 129536K, 1% used [0x0000000080800000,0x0000000080972520,0x0000000088680000)
 Metaspace       used 8066K, capacity 8259K, committed 8448K, reserved 1056768K
  class space    used 672K, capacity 732K, committed 768K, reserved 1048576K
}
Event: 2.377 GC heap before
{Heap before GC invocations=9 (full 0):
 PSYoungGen      total 9216K, used 9136K [0x00000000d5800000, 0x00000000d6400000, 0x0000000100000000)
  eden space 7680K, 100% used [0x00000000d5800000,0x00000000d5f80000,0x00000000d5f80000)
  from space 1536K, 94% used [0x00000000d6180000,0x00000000d62ec240,0x00000000d6300000)
  to   space 2048K, 0% used [0x00000000d5f80000,0x00000000d5f80000,0x00000000d6180000)
 ParOldGen       total 129536K, used 1481K [0x0000000080800000, 0x0000000088680000, 0x00000000d5800000)
  object space 129536K, 1% used [0x0000000080800000,0x0000000080972520,0x0000000088680000)
 Metaspace       used 11163K, capacity 11357K, committed 11520K, reserved 1060864K
  class space    used 930K, capacity 997K, committed 1024K, reserved 1048576K
Event: 2.382 GC heap after
Heap after GC invocations=9 (full 0):
 PSYoungGen      total 9728K, used 1780K [0x00000000d5800000, 0x00000000d6800000, 0x0000000100000000)
  eden space 7680K, 0% used [0x00000000d5800000,0x00000000d5800000,0x00000000d5f80000)
  from space 2048K, 86% used [0x00000000d5f80000,0x00000000d613d088,0x00000000d6180000)
  to   space 2048K, 0% used [0x00000000d6600000,0x00000000d6600000,0x00000000d6800000)
 ParOldGen       total 129536K, used 10969K [0x0000000080800000, 0x0000000088680000, 0x00000000d5800000)
  object space 129536K, 8% used [0x0000000080800000,0x00000000812b6550,0x0000000088680000)
 Metaspace       used 11163K, capacity 11357K, committed 11520K, reserved 1060864K
  class space    used 930K, capacity 997K, committed 1024K, reserved 1048576K
}
Event: 2.544 GC heap before
{Heap before GC invocations=10 (full 0):
 PSYoungGen      total 9728K, used 9460K [0x00000000d5800000, 0x00000000d6800000, 0x0000000100000000)
  eden space 7680K, 100% used [0x00000000d5800000,0x00000000d5f80000,0x00000000d5f80000)
  from space 2048K, 86% used [0x00000000d5f80000,0x00000000d613d088,0x00000000d6180000)
  to   space 2048K, 0% used [0x00000000d6600000,0x00000000d6600000,0x00000000d6800000)
 ParOldGen       total 129536K, used 27353K [0x0000000080800000, 0x0000000088680000, 0x00000000d5800000)
  object space 129536K, 21% used [0x0000000080800000,0x00000000822b6560,0x0000000088680000)
 Metaspace       used 11200K, capacity 11359K, committed 11520K, reserved 1060864K
  class space    used 933K, capacity 998K, committed 1024K, reserved 1048576K
Event: 2.545 GC heap after
Heap after GC invocations=10 (full 0):
 PSYoungGen      total 14336K, used 800K [0x00000000d5800000, 0x00000000d6800000, 0x0000000100000000)
  eden space 12288K, 0% used [0x00000000d5800000,0x00000000d5800000,0x00000000d6400000)
  from space 2048K, 39% used [0x00000000d6600000,0x00000000d66c8000,0x00000000d6800000)
  to   space 2048K, 0% used [0x00000000d6400000,0x00000000d6400000,0x00000000d6600000)
 ParOldGen       total 129536K, used 27724K [0x0000000080800000, 0x0000000088680000, 0x00000000d5800000)
  object space 129536K, 21% used [0x0000000080800000,0x0000000082313348,0x0000000088680000)
 Metaspace       used 11200K, capacity 11359K, committed 11520K, reserved 1060864K
  class space    used 933K, capacity 998K, committed 1024K, reserved 1048576K
}
Event: 7.835 GC heap before
{Heap before GC invocations=11 (full 0):
 PSYoungGen      total 14336K, used 13088K [0x00000000d5800000, 0x00000000d6800000, 0x0000000100000000)
  eden space 12288K, 100% used [0x00000000d5800000,0x00000000d6400000,0x00000000d6400000)
  from space 2048K, 39% used [0x00000000d6600000,0x00000000d66c8000,0x00000000d6800000)
  to   space 2048K, 0% used [0x00000000d6400000,0x00000000d6400000,0x00000000d6600000)
 ParOldGen       total 129536K, used 27724K [0x0000000080800000, 0x0000000088680000, 0x00000000d5800000)
  object space 129536K, 21% used [0x0000000080800000,0x0000000082313348,0x0000000088680000)
 Metaspace       used 11379K, capacity 11551K, committed 11776K, reserved 1060864K
  class space    used 947K, capacity 998K, committed 1024K, reserved 1048576K
Event: 7.844 GC heap after
Heap after GC invocations=11 (full 0):
 PSYoungGen      total 14336K, used 2048K [0x00000000d5800000, 0x00000000d7180000, 0x0000000100000000)
  eden space 12288K, 0% used [0x00000000d5800000,0x00000000d5800000,0x00000000d6400000)
  from space 2048K, 100% used [0x00000000d6400000,0x00000000d6600000,0x00000000d6600000)
  to   space 3072K, 0% used [0x00000000d6e80000,0x00000000d6e80000,0x00000000d7180000)
 ParOldGen       total 129536K, used 29192K [0x0000000080800000, 0x0000000088680000, 0x00000000d5800000)
  object space 129536K, 22% used [0x0000000080800000,0x00000000824823c8,0x0000000088680000)
 Metaspace       used 11379K, capacity 11551K, committed 11776K, reserved 1060864K
  class space    used 947K, capacity 998K, committed 1024K, reserved 1048576K
}

